C51 COMPILER V9.54   I2C                                                                   08/26/2022 08:34:52 PAGE 1   


C51 COMPILER V9.54, COMPILATION OF MODULE I2C
OBJECT MODULE PLACED IN .\Objects\I2C.obj
COMPILER INVOKED BY: D:\keil5\C51\BIN\C51.EXE I2C.c OPTIMIZE(8,SPEED) BROWSE DEBUG OBJECTEXTEND PRINT(.\Listings\I2C.lst
                    -) TABS(2) OBJECT(.\Objects\I2C.obj)

line level    source

   1          #include <REGX52.H>
   2          
   3          
   4          sbit I2C_SCL=P1^1;
   5          sbit I2C_SDA=P1^0;
   6          
   7          /**
   8            * @brief  I2C开始
   9            * @param 无
  10            * @retval 无
  11            */
  12          void I2C_Start(void)
  13          {
  14   1        I2C_SDA=1;  //确保为1
  15   1        I2C_SCL=1;  //确保为1
  16   1        I2C_SDA=0;  //这就是为了满足时序图 拉低
  17   1        I2C_SCL=0;  //特意为了置0，为了好拼接
  18   1      }
  19          
  20          
  21          /**
  22            * @brief  I2C停止
  23            * @param  无
  24            * @retval 无
  25            */
  26          void I2C_Stop(void)
  27          {
  28   1        I2C_SDA=0;
  29   1        I2C_SCL=1;
  30   1        I2C_SDA=1;
  31   1      
  32   1      }
  33          
  34          
  35          /**
  36            * @brief  I2C发送一个字节
  37            * @param  Byte 要发送的字节
  38            * @retval 无
  39            */
  40          void I2C_SendByte(unsigned char Byte)
  41          {
  42   1        unsigned char i;
  43   1        for(i=0;i<8;i++)
  44   1        {
  45   2          I2C_SDA=Byte&(0x80>>i);
  46   2          I2C_SCL=1;
  47   2          I2C_SCL=0;
  48   2      
  49   2        }
  50   1      } 
  51          
  52          
  53          /**
  54            * @brief  I2C接收一个字节
C51 COMPILER V9.54   I2C                                                                   08/26/2022 08:34:52 PAGE 2   

  55            * @param 无
  56            * @retval 接收到的一个字节数据
  57            */
  58          unsigned char I2C_ReceiveByte(void)
  59          {
  60   1        unsigned char i,Byte=0x00;
  61   1        I2C_SDA=1;//释放总线
  62   1        
  63   1        for(i=0;i<8;i++)
  64   1        {
  65   2          I2C_SCL=1;
  66   2          if(I2C_SDA){Byte|=(0x80>>i);}//如果SDA为1，置1；为0，默认不处理
  67   2          I2C_SCL=0;
  68   2        }
  69   1        
  70   1        return Byte;
  71   1      }
  72          
  73          
  74          /**
  75            * @brief  I2C发送应答
  76            * @param AckBit应答位，0为应答，1为非应答
  77            * @retval 无
  78            */
  79          void I2C_SendAck(unsigned char AckBit)//也可定义为bit类型，一个字节
  80          {
  81   1        I2C_SDA=AckBit;
  82   1        I2C_SCL=1;
  83   1        I2C_SCL=0;
  84   1      }
  85          
  86          /**
  87            * @brief  I2C接收应答位
  88            * @param 无
  89            * @retval 接受到的应答位，0为应答，1为非应答
  90            */
  91          unsigned char I2C_ReceiveAck(void)
  92          {
  93   1        unsigned char  AckBit;
  94   1        I2C_SDA=1;              //主机释放SDA
  95   1        I2C_SCL=1;
  96   1        AckBit=I2C_SDA;         //从机SDA
  97   1        I2C_SCL=0;
  98   1        return AckBit;
  99   1      }


MODULE INFORMATION:   STATIC OVERLAYABLE
   CODE SIZE        =    109    ----
   CONSTANT SIZE    =   ----    ----
   XDATA SIZE       =   ----    ----
   PDATA SIZE       =   ----    ----
   DATA SIZE        =   ----    ----
   IDATA SIZE       =   ----    ----
   BIT SIZE         =   ----    ----
END OF MODULE INFORMATION.


C51 COMPILATION COMPLETE.  0 WARNING(S),  0 ERROR(S)
