C51 COMPILER V9.54   SEND                                                                  08/26/2022 08:34:52 PAGE 1   


C51 COMPILER V9.54, COMPILATION OF MODULE SEND
OBJECT MODULE PLACED IN .\Objects\send.obj
COMPILER INVOKED BY: D:\keil5\C51\BIN\C51.EXE send.c OPTIMIZE(8,SPEED) BROWSE DEBUG OBJECTEXTEND PRINT(.\Listings\send.l
                    -st) TABS(2) OBJECT(.\Objects\send.obj)

line level    source

   1          #include <REGX52.H>
   2          #include "I2C.h"
   3          
   4          #define ADDRESS   0x40
   5          
   6          /**
   7            * @brief   发送一个字节 
   8            * @param  Data 要写入的数据
   9            * @retval 无
  10            */
  11          void SendByte(unsigned char Data)
  12            
  13          {
  14   1        I2C_Start();
  15   1        I2C_SendByte(ADDRESS);
  16   1        I2C_ReceiveAck();
  17   1        I2C_SendByte(Data);
  18   1        I2C_ReceiveAck();
  19   1        I2C_Stop();
  20   1      }
  21          
  22          /**
  23            * @brief  发送字符串
  24            * @param  p 字符串首地址
  25            * @retval 无
  26            */
  27          void SendString(unsigned char *p)
  28          {
  29   1        while(*p)
  30   1        {
  31   2          SendByte(*p);
  32   2          p++;
  33   2        }
  34   1      
  35   1      }


MODULE INFORMATION:   STATIC OVERLAYABLE
   CODE SIZE        =     59    ----
   CONSTANT SIZE    =   ----    ----
   XDATA SIZE       =   ----    ----
   PDATA SIZE       =   ----    ----
   DATA SIZE        =   ----       4
   IDATA SIZE       =   ----    ----
   BIT SIZE         =   ----    ----
END OF MODULE INFORMATION.


C51 COMPILATION COMPLETE.  0 WARNING(S),  0 ERROR(S)
